Active-HDL 9.1.2353.4205  2017-06-01 11:24:32

Elaboration top modules:
Architecture                  karno(karno)


-------------------------------------------------------------------------------------------------
Entity   | Architecture | Library        | Info | Compiler Version         | Compilation Options
-------------------------------------------------------------------------------------------------
karno    | karno        | rgr_stognienko |      | 9.1.2353.4205  (Windows) | -O3
-------------------------------------------------------------------------------------------------

-------------------------------------------------------------------------------------------------
VHDL Package            | Library        | Info | Compiler Version         | Compilation Options
-------------------------------------------------------------------------------------------------
standard                | std            |      |                          | <unavailable>
TEXTIO                  | std            |      | 9.1.2353.4205  (Windows) |  -2008
std_logic_1164          | ieee           |      | 9.1.2353.4205  (Windows) |  -2008
-------------------------------------------------------------------------------------------------

-------------------------------------------------------------------------------------------------
Library                 | Comment
-------------------------------------------------------------------------------------------------
ieee                    | Standard IEEE packages library
rgr_stognienko          | None
std                     | Standard VHDL library
-------------------------------------------------------------------------------------------------
